18:22:29,996 INFO  [ItgAtmService] (http-nio-auto-1-exec-1:) ->Fee: {xCorTransId= urn:ekatm:605119:QjQcpGbFzAV2Zyi1KdpBc7:p2p:fee:7 TransId= [PAYMENT_CASH][123412******1234][3][][10000]}
18:22:30,027 INFO  [ItgAtmServiceBase] (http-nio-auto-1-exec-1:) ->PaymentCash: {crd=123412******1234,term=3,amt=10000,cur=810}
18:22:32,232 INFO  [ItgAtmService] (http-nio-auto-1-exec-1:) ->Fee: {xCorTransId=urn:ekatm:605119:QjQcpGbFzAV2Zyi1KdpBc7:p2p:fee:7,fee=0}
18:22:32,746 INFO  [ItgAtmService] (http-nio-auto-1-exec-2:) ->Fee: {xCorTransId= urn:ekatm:605119:QjQcpGbFzAV2Zyi1KdpBc7:p2p:fee:7 TransId= [CASH_IN][123412******1234][3][][10000]}
18:22:32,751 INFO  [ItgAtmServiceBase] (http-nio-auto-1-exec-2:) ->CashIn: {crd=123412******1234,term=3,amt=10000,cur=810}
18:22:34,787 INFO  [ItgAtmService] (http-nio-auto-1-exec-2:) ->Fee: {xCorTransId=urn:ekatm:605119:QjQcpGbFzAV2Zyi1KdpBc7:p2p:fee:7,fee=0}
18:22:34,865 INFO  [ItgAtmService] (http-nio-auto-1-exec-3:) ->Fee: {xCorTransId= urn:ekatm:605119:QjQcpGbFzAV2Zyi1KdpBc7:p2p:fee:7 TransId= [PAYMENT][123412******1234][3][][10000]}
18:22:34,867 INFO  [ItgAtmServiceBase] (http-nio-auto-1-exec-3:) ->Payment: {crd=123412******1234,term=3,amt=10000,cur=810}
18:22:36,899 INFO  [ItgAtmService] (http-nio-auto-1-exec-3:) ->Fee: {xCorTransId=urn:ekatm:605119:QjQcpGbFzAV2Zyi1KdpBc7:p2p:fee:7,fee=0}
18:22:36,952 INFO  [ItgAtmService] (http-nio-auto-1-exec-4:) ->Fee: {xCorTransId= urn:ekatm:605119:QjQcpGbFzAV2Zyi1KdpBc7:p2p:fee:7 TransId= [CASH_OUT][123412******1234][3][][10000]}
18:22:36,954 INFO  [ItgAtmServiceBase] (http-nio-auto-1-exec-4:) ->CashOut: {crd=123412******1234,term=3,amt=10000,cur=810}
18:22:38,971 INFO  [ItgAtmService] (http-nio-auto-1-exec-4:) ->Fee: {xCorTransId=urn:ekatm:605119:QjQcpGbFzAV2Zyi1KdpBc7:p2p:fee:7,fee=0}
18:22:39,025 INFO  [ItgAtmService] (http-nio-auto-1-exec-5:) ->Fee: {xCorTransId= urn:ekatm:605119:QjQcpGbFzAV2Zyi1KdpBc7:p2p:fee:7 TransId= [TRANSFER][123412******1234][3][][10000]}
18:22:39,057 INFO  [ItgAtmServiceBase] (http-nio-auto-1-exec-5:) ->Transfer: {crd=123412******1234dstCrd: 111111******11111,term=3,amt=10000,cur=810}
18:22:41,090 INFO  [ItgAtmService] (http-nio-auto-1-exec-5:) ->Fee: {xCorTransId=urn:ekatm:605119:QjQcpGbFzAV2Zyi1KdpBc7:p2p:fee:7,fee=0}
18:25:13,416 INFO  [ItgAtmService] (http-nio-auto-1-exec-1:) ->Fee: {xCorTransId= urn:ekatm:605119:QjQcpGbFzAV2Zyi1KdpBc7:p2p:fee:7 TransId= [PAYMENT_CASH][123412******1234][3][][10000]}
18:25:13,442 INFO  [ItgAtmServiceBase] (http-nio-auto-1-exec-1:) ->PaymentCash: {crd=123412******1234,term=3,amt=10000,cur=810}
18:25:13,936 INFO  [ItgAtmSvfeJdbcRepository] (http-nio-auto-1-exec-1:) ->AcqFee: {xCorTransId=urn:ekatm:605119:QjQcpGbFzAV2Zyi1KdpBc7:p2p:fee:7,fee=9}
18:25:13,939 INFO  [ItgAtmSvfeJdbcRepository] (http-nio-auto-1-exec-1:) ->IssFee: {xCorTransId=urn:ekatm:605119:QjQcpGbFzAV2Zyi1KdpBc7:p2p:fee:7,fee=11}
18:25:13,940 INFO  [ItgAtmService] (http-nio-auto-1-exec-1:) ->Fee: {xCorTransId=urn:ekatm:605119:QjQcpGbFzAV2Zyi1KdpBc7:p2p:fee:7,fee=20}
18:25:14,068 INFO  [ItgAtmService] (http-nio-auto-1-exec-2:) ->Fee: {xCorTransId= urn:ekatm:605119:QjQcpGbFzAV2Zyi1KdpBc7:p2p:fee:7 TransId= [CASH_IN][123412******1234][3][][10000]}
18:25:14,071 INFO  [ItgAtmServiceBase] (http-nio-auto-1-exec-2:) ->CashIn: {crd=123412******1234,term=3,amt=10000,cur=810}
18:25:14,074 INFO  [ItgAtmSvfeJdbcRepository] (http-nio-auto-1-exec-2:) ->AcqFee: {xCorTransId=urn:ekatm:605119:QjQcpGbFzAV2Zyi1KdpBc7:p2p:fee:7,fee=9}
18:25:14,076 INFO  [ItgAtmSvfeJdbcRepository] (http-nio-auto-1-exec-2:) ->IssFee: {xCorTransId=urn:ekatm:605119:QjQcpGbFzAV2Zyi1KdpBc7:p2p:fee:7,fee=11}
18:25:14,076 INFO  [ItgAtmService] (http-nio-auto-1-exec-2:) ->Fee: {xCorTransId=urn:ekatm:605119:QjQcpGbFzAV2Zyi1KdpBc7:p2p:fee:7,fee=20}
18:25:14,123 INFO  [ItgAtmService] (http-nio-auto-1-exec-3:) ->Fee: {xCorTransId= urn:ekatm:605119:QjQcpGbFzAV2Zyi1KdpBc7:p2p:fee:7 TransId= [PAYMENT][123412******1234][3][][10000]}
18:25:14,125 INFO  [ItgAtmServiceBase] (http-nio-auto-1-exec-3:) ->Payment: {crd=123412******1234,term=3,amt=10000,cur=810}
18:25:14,126 INFO  [ItgAtmSvfeJdbcRepository] (http-nio-auto-1-exec-3:) ->AcqFee: {xCorTransId=urn:ekatm:605119:QjQcpGbFzAV2Zyi1KdpBc7:p2p:fee:7,fee=9}
18:25:14,128 INFO  [ItgAtmSvfeJdbcRepository] (http-nio-auto-1-exec-3:) ->IssFee: {xCorTransId=urn:ekatm:605119:QjQcpGbFzAV2Zyi1KdpBc7:p2p:fee:7,fee=11}
18:25:14,128 INFO  [ItgAtmService] (http-nio-auto-1-exec-3:) ->Fee: {xCorTransId=urn:ekatm:605119:QjQcpGbFzAV2Zyi1KdpBc7:p2p:fee:7,fee=20}
18:25:14,174 INFO  [ItgAtmService] (http-nio-auto-1-exec-4:) ->Fee: {xCorTransId= urn:ekatm:605119:QjQcpGbFzAV2Zyi1KdpBc7:p2p:fee:7 TransId= [CASH_OUT][123412******1234][3][][10000]}
18:25:14,176 INFO  [ItgAtmServiceBase] (http-nio-auto-1-exec-4:) ->CashOut: {crd=123412******1234,term=3,amt=10000,cur=810}
18:25:14,177 INFO  [ItgAtmSvfeJdbcRepository] (http-nio-auto-1-exec-4:) ->AcqFee: {xCorTransId=urn:ekatm:605119:QjQcpGbFzAV2Zyi1KdpBc7:p2p:fee:7,fee=9}
18:25:14,179 INFO  [ItgAtmSvfeJdbcRepository] (http-nio-auto-1-exec-4:) ->IssFee: {xCorTransId=urn:ekatm:605119:QjQcpGbFzAV2Zyi1KdpBc7:p2p:fee:7,fee=11}
18:25:14,179 INFO  [ItgAtmService] (http-nio-auto-1-exec-4:) ->Fee: {xCorTransId=urn:ekatm:605119:QjQcpGbFzAV2Zyi1KdpBc7:p2p:fee:7,fee=20}
18:25:14,220 INFO  [ItgAtmService] (http-nio-auto-1-exec-5:) ->Fee: {xCorTransId= urn:ekatm:605119:QjQcpGbFzAV2Zyi1KdpBc7:p2p:fee:7 TransId= [TRANSFER][123412******1234][3][][10000]}
18:25:14,239 INFO  [ItgAtmServiceBase] (http-nio-auto-1-exec-5:) ->Transfer: {crd=123412******1234dstCrd: 111111******11111,term=3,amt=10000,cur=810}
18:25:14,257 INFO  [ItgAtmSvfeJdbcRepository] (http-nio-auto-1-exec-5:) ->AcqFee {xCorTransId=urn:ekatm:605119:QjQcpGbFzAV2Zyi1KdpBc7:p2p:fee:7,fee=20}
18:25:14,259 INFO  [ItgAtmSvfeJdbcRepository] (http-nio-auto-1-exec-5:) ->IssFee: {xCorTransId=urn:ekatm:605119:QjQcpGbFzAV2Zyi1KdpBc7:p2p:fee:7,fee=11}
18:25:14,260 INFO  [ItgAtmService] (http-nio-auto-1-exec-5:) ->Fee: {xCorTransId=urn:ekatm:605119:QjQcpGbFzAV2Zyi1KdpBc7:p2p:fee:7,fee=31}
